[debug] [2022-06-05T12:10:38.854Z] ----------------------------------------------------------------------
[debug] [2022-06-05T12:10:38.856Z] Command:       C:\Program Files\nodejs\node.exe C:\Users\Swayam Prakash\AppData\Roaming\npm\node_modules\firebase-tools\lib\bin\firebase.js init
[debug] [2022-06-05T12:10:38.857Z] CLI Version:   11.0.1
[debug] [2022-06-05T12:10:38.857Z] Platform:      win32
[debug] [2022-06-05T12:10:38.857Z] Node Version:  v16.15.0
[debug] [2022-06-05T12:10:38.858Z] Time:          Sun Jun 05 2022 17:40:38 GMT+0530 (India Standard Time)
[debug] [2022-06-05T12:10:38.858Z] ----------------------------------------------------------------------
[debug] 
[debug] [2022-06-05T12:10:38.953Z] > command requires scopes: ["email","openid","https://www.googleapis.com/auth/cloudplatformprojects.readonly","https://www.googleapis.com/auth/firebase","https://www.googleapis.com/auth/cloud-platform"]
[debug] [2022-06-05T12:10:38.953Z] > authorizing via signed-in user (swayamsaravana@gmail.com)
[info] 
     ######## #### ########  ######## ########     ###     ######  ########
     ##        ##  ##     ## ##       ##     ##  ##   ##  ##       ##
     ######    ##  ########  ######   ########  #########  ######  ######
     ##        ##  ##    ##  ##       ##     ## ##     ##       ## ##
     ##       #### ##     ## ######## ########  ##     ##  ######  ########

You're about to initialize a Firebase project in this directory:

  E:\react-firechat-master

Before we get started, keep in mind:

  * You are initializing within an existing Firebase project directory

[debug] [2022-06-05T12:20:25.462Z] Error: kill ENOSYS
    at process.kill (node:internal/process/per_thread:220:13)
    at process.listener (C:\Users\Swayam Prakash\AppData\Roaming\npm\node_modules\firebase-tools\node_modules\signal-exit\index.js:95:15)
    at process.emit (node:events:527:28)
[error] 
[error] Error: An unexpected error has occurred.
